<?xml version="1.0" encoding="UTF-8"?>
<!-- Generated by org.testng.reporters.JUnitReportReporter -->
<testsuite hostname="SRINIVAS-G2005" failures="0" tests="2" name="testCases.TC_05_FilteringProducts" time="79.560" errors="0" timestamp="2025-05-16T13:31:49 IST" skipped="0">
  <testcase classname="testCases.TC_05_FilteringProducts" name="searchByCategory" time="72.983"/>
  <testcase classname="testCases.TC_05_FilteringProducts" name="searchByBrand" time="6.577"/>
</testsuite> <!-- testCases.TC_05_FilteringProducts -->
