<?xml version="1.0" encoding="UTF-8"?>
<!-- Generated by org.testng.reporters.JUnitReportReporter -->
<testsuite hostname="SRINIVAS-G2005" failures="0" tests="1" name="testCases.TC_08_WorkingWithPagination" time="12.995" errors="0" timestamp="2025-05-12T19:27:06 IST" skipped="0">
  <testcase classname="testCases.TC_08_WorkingWithPagination" name="paginationOfProducts" time="12.995"/>
</testsuite> <!-- testCases.TC_08_WorkingWithPagination -->
