<?xml version="1.0" encoding="UTF-8"?>
<!-- Generated by org.testng.reporters.JUnitReportReporter -->
<testsuite hostname="SRINIVAS-G2005" failures="0" tests="1" name="testBase.TC_02_SignInToApplication" time="8.859" errors="0" timestamp="2025-05-08T19:00:18 IST" skipped="0">
  <testcase classname="testBase.TC_02_SignInToApplication" name="signIntoApplication" time="8.859"/>
</testsuite> <!-- testBase.TC_02_SignInToApplication -->
