<?xml version="1.0" encoding="UTF-8"?>
<!-- Generated by org.testng.reporters.JUnitReportReporter -->
<testsuite hostname="SRINIVAS-G2005" failures="0" tests="1" name="testCases.TC_06_AddToFavourites" time="4.220" errors="0" timestamp="2025-05-10T22:09:34 IST" skipped="0">
  <testcase classname="testCases.TC_06_AddToFavourites" name="addToFavourites" time="4.220"/>
</testsuite> <!-- testCases.TC_06_AddToFavourites -->
