<?xml version="1.0" encoding="UTF-8"?>
<!-- Generated by org.testng.reporters.JUnitReportReporter -->
<testsuite hostname="SRINIVAS-G2005" failures="0" tests="5" name="testCases.TC_10_Login_DDT" time="54.314" errors="0" timestamp="2025-05-14T18:53:45 IST" skipped="0">
  <testcase classname="testCases.TC_10_Login_DDT" name="Login_DDT" time="10.694"/>
  <testcase classname="testCases.TC_10_Login_DDT" name="Login_DDT" time="11.342"/>
  <testcase classname="testCases.TC_10_Login_DDT" name="Login_DDT" time="10.780"/>
  <testcase classname="testCases.TC_10_Login_DDT" name="Login_DDT" time="10.693"/>
  <testcase classname="testCases.TC_10_Login_DDT" name="Login_DDT" time="10.805"/>
</testsuite> <!-- testCases.TC_10_Login_DDT -->
