<?xml version="1.0" encoding="UTF-8"?>
<!-- Generated by org.testng.reporters.JUnitReportReporter -->
<testsuite hostname="SRINIVAS-G2005" failures="0" tests="1" name="testCases.TC_05_FilteringProducts" time="53.747" errors="0" timestamp="2025-05-10T19:27:09 IST" skipped="0">
  <testcase classname="testCases.TC_05_FilteringProducts" name="searchByCategory" time="53.747"/>
</testsuite> <!-- testCases.TC_05_FilteringProducts -->
