<?xml version="1.0" encoding="UTF-8"?>
<!-- Generated by org.testng.reporters.JUnitReportReporter -->
<testsuite hostname="SRINIVAS-G2005" failures="0" tests="1" name="testCases.TC_04_SearchFunctinality" time="0.534" errors="0" timestamp="2025-05-12T18:40:29 IST" skipped="0">
  <testcase classname="testCases.TC_04_SearchFunctinality" name="searchProduct" time="0.534"/>
</testsuite> <!-- testCases.TC_04_SearchFunctinality -->
