<?xml version="1.0" encoding="UTF-8"?>
<!-- Generated by org.testng.reporters.JUnitReportReporter -->
<testsuite hostname="SRINIVAS-G2005" failures="0" tests="1" name="testCases.TC_05_FilteringProducts" time="90.506" errors="0" timestamp="2025-05-09T20:30:54 IST" skipped="0">
  <testcase classname="testCases.TC_05_FilteringProducts" name="searchByCategory" time="90.506"/>
</testsuite> <!-- testCases.TC_05_FilteringProducts -->
