<?xml version="1.0" encoding="UTF-8"?>
<!-- Generated by org.testng.reporters.JUnitReportReporter -->
<testsuite hostname="SRINIVAS-G2005" failures="0" tests="5" name="testCases.TC_10_Login_DDT" time="53.719" errors="0" timestamp="2025-05-16T13:31:49 IST" skipped="0">
  <testcase classname="testCases.TC_10_Login_DDT" name="Login_DDT" time="10.717"/>
  <testcase classname="testCases.TC_10_Login_DDT" name="Login_DDT" time="10.578"/>
  <testcase classname="testCases.TC_10_Login_DDT" name="Login_DDT" time="10.959"/>
  <testcase classname="testCases.TC_10_Login_DDT" name="Login_DDT" time="10.796"/>
  <testcase classname="testCases.TC_10_Login_DDT" name="Login_DDT" time="10.669"/>
</testsuite> <!-- testCases.TC_10_Login_DDT -->
