<?xml version="1.0" encoding="UTF-8"?>
<!-- Generated by org.testng.reporters.JUnitReportReporter -->
<testsuite hostname="SRINIVAS-G2005" failures="0" tests="5" name="testCases.TC_10_Login_DDT" time="54.206" errors="0" timestamp="2025-05-14T18:48:21 IST" skipped="0">
  <testcase classname="testCases.TC_10_Login_DDT" name="Login_DDT" time="10.788"/>
  <testcase classname="testCases.TC_10_Login_DDT" name="Login_DDT" time="11.372"/>
  <testcase classname="testCases.TC_10_Login_DDT" name="Login_DDT" time="10.659"/>
  <testcase classname="testCases.TC_10_Login_DDT" name="Login_DDT" time="10.646"/>
  <testcase classname="testCases.TC_10_Login_DDT" name="Login_DDT" time="10.741"/>
</testsuite> <!-- testCases.TC_10_Login_DDT -->
