<?xml version="1.0" encoding="UTF-8"?>
<!-- Generated by org.testng.reporters.JUnitReportReporter -->
<testsuite hostname="SRINIVAS-G2005" failures="0" tests="1" name="testCases.TC_07_AddToCart" time="4.455" errors="0" timestamp="2025-05-11T19:58:57 IST" skipped="0">
  <testcase classname="testCases.TC_07_AddToCart" name="addProductToCart" time="4.455"/>
</testsuite> <!-- testCases.TC_07_AddToCart -->
