<?xml version="1.0" encoding="UTF-8"?>
<!-- Generated by org.testng.reporters.JUnitReportReporter -->
<testsuite hostname="SRINIVAS-G2005" failures="0" tests="1" name="testCases.TC_04_SearchFunctinality" time="0.402" errors="0" timestamp="2025-05-16T13:31:49 IST" skipped="0">
  <testcase classname="testCases.TC_04_SearchFunctinality" name="searchProduct" time="0.402"/>
</testsuite> <!-- testCases.TC_04_SearchFunctinality -->
