<?xml version="1.0" encoding="UTF-8"?>
<!-- Generated by org.testng.reporters.JUnitReportReporter -->
<testsuite hostname="SRINIVAS-G2005" failures="0" tests="1" name="testBase.TC_01_RegisterAccount" time="8.098" errors="0" timestamp="2025-05-07T19:38:50 IST" skipped="0">
  <testcase classname="testBase.TC_01_RegisterAccount" name="createNewAccount" time="8.098"/>
</testsuite> <!-- testBase.TC_01_RegisterAccount -->
